{"message":"boot scan","level":"info"}
{"message":{"temperature":28.13671875,"humidity":61.2890625,"battery_percentage":100},"level":"info"}
{"message":{"temperature":28.27734375,"humidity":60.2890625,"battery_percentage":100},"level":"info"}
{"message":"boot scan","level":"info"}
{"temperature":28.27734375,"humidity":60.2890625,"battery_percentage":100,"level":"info","message":"publish"}
{"temperature":28.13671875,"humidity":61.2890625,"battery_percentage":100,"level":"info","message":"publish"}
{"message":"boot scan","level":"info"}
{"mac":"ac:23:3f:a0:3b:05","level":"info","message":"publish"}
{"message":"boot scan","level":"info"}
{"mac":"ac:23:3f:a0:3b:16","temperature":28.16796875,"humidity":61.328125,"battery_percentage":100,"level":"info","message":"publish"}
{"mac":"ac:23:3f:a0:3b:05","temperature":28.30859375,"humidity":60.3984375,"battery_percentage":100,"level":"info","message":"publish"}
{"message":"boot scan","level":"info"}
{"mac":"ac:23:3f:a0:3b:05","temperature":28.328125,"humidity":60.2265625,"battery_percentage":100,"level":"info","message":"publish"}
{"message":"boot scan","level":"info"}
{"message":"mqtt connected","level":"info"}
{"mac":"ac:23:3f:a0:3b:05","temperature":28.359375,"humidity":60.09765625,"battery_percentage":100,"level":"info","message":"publish"}
{"message":"boot scan","level":"info"}
{"message":"mqtt connected","level":"info"}
{"mac":"ac:23:3f:a0:3b:16","temperature":28.25,"humidity":61.12890625,"battery_percentage":100,"level":"info","message":"publish"}
{"message":"boot scan","level":"info"}
{"message":"mqtt connected","level":"info"}
{"mac":"ac:23:3f:a0:3b:16","temperature":28.25,"humidity":61.12890625,"battery_percentage":100,"level":"info","message":"publish"}
{"mac":"ac:23:3f:a0:3b:05","temperature":28.359375,"humidity":60.09765625,"battery_percentage":100,"level":"info","message":"publish"}
{"message":"boot scan","level":"info"}
{"message":"mqtt connected","level":"info"}
{"mac":"ac:23:3f:a0:3b:16","temperature":28.26953125,"humidity":61.13671875,"battery_percentage":100,"level":"info","message":"publish"}
{"mac":"ac:23:3f:a0:3b:16","temperature":28.26953125,"humidity":61.13671875,"battery_percentage":100,"level":"info","message":"publish"}
{"mac":"ac:23:3f:a0:3b:05","temperature":28.38671875,"humidity":60.1484375,"battery_percentage":100,"level":"info","message":"publish"}
{"mac":"ac:23:3f:a0:3b:05","temperature":28.38671875,"humidity":60.1484375,"battery_percentage":100,"level":"info","message":"publish"}
{"mac":"ac:23:3f:a0:3b:05","temperature":28.38671875,"humidity":60.1484375,"battery_percentage":100,"level":"info","message":"publish"}
{"mac":"ac:23:3f:a0:3b:16","temperature":28.26953125,"humidity":61.13671875,"battery_percentage":100,"level":"info","message":"publish"}
{"mac":"ac:23:3f:a0:3b:05","temperature":28.38671875,"humidity":60.1484375,"battery_percentage":100,"level":"info","message":"publish"}
{"mac":"ac:23:3f:a0:3b:16","temperature":28.26953125,"humidity":61.13671875,"battery_percentage":100,"level":"info","message":"publish"}
{"mac":"ac:23:3f:a0:3b:16","temperature":28.26953125,"humidity":61.13671875,"battery_percentage":100,"level":"info","message":"publish"}
{"mac":"ac:23:3f:a0:3b:16","temperature":28.26953125,"humidity":61.13671875,"battery_percentage":100,"level":"info","message":"publish"}
{"mac":"ac:23:3f:a0:3b:16","temperature":28.26953125,"humidity":61.13671875,"battery_percentage":100,"level":"info","message":"publish"}
{"mac":"ac:23:3f:a0:3b:16","temperature":28.26953125,"humidity":61.13671875,"battery_percentage":100,"level":"info","message":"publish"}
{"mac":"ac:23:3f:a0:3b:05","temperature":28.38671875,"humidity":60.1484375,"battery_percentage":100,"level":"info","message":"publish"}
{"mac":"ac:23:3f:a0:3b:16","temperature":28.26953125,"humidity":61.13671875,"battery_percentage":100,"level":"info","message":"publish"}
{"mac":"ac:23:3f:a0:3b:05","temperature":28.41796875,"humidity":60.0390625,"battery_percentage":100,"level":"info","message":"publish"}
{"mac":"ac:23:3f:a0:3b:16","temperature":28.2890625,"humidity":61.1171875,"battery_percentage":100,"level":"info","message":"publish"}
{"mac":"ac:23:3f:a0:3b:16","temperature":28.2890625,"humidity":61.1171875,"battery_percentage":100,"level":"info","message":"publish"}
{"mac":"ac:23:3f:a0:3b:16","temperature":28.2890625,"humidity":61.1171875,"battery_percentage":100,"level":"info","message":"publish"}
{"mac":"ac:23:3f:a0:3b:16","temperature":28.2890625,"humidity":61.1171875,"battery_percentage":100,"level":"info","message":"publish"}
{"mac":"ac:23:3f:a0:3b:16","temperature":28.2890625,"humidity":61.1171875,"battery_percentage":100,"level":"info","message":"publish"}
{"mac":"ac:23:3f:a0:3b:16","temperature":28.2890625,"humidity":61.1171875,"battery_percentage":100,"level":"info","message":"publish"}
{"mac":"ac:23:3f:a0:3b:16","temperature":28.2890625,"humidity":61.1171875,"battery_percentage":100,"level":"info","message":"publish"}
{"mac":"ac:23:3f:a0:3b:05","temperature":28.41796875,"humidity":60.0390625,"battery_percentage":100,"level":"info","message":"publish"}
{"mac":"ac:23:3f:a0:3b:16","temperature":28.2890625,"humidity":61.1171875,"battery_percentage":100,"level":"info","message":"publish"}
